 API ERROR: Date and Time: 2025-08-04 01:01:19.587051 
 Error Code: 404
 API_URL ERROR: Date and Time: 2025-08-04 01:01:44.725412 
 Error Code: 404
 API_URL ERROR: Date and Time: 2025-08-04 01:20:12.264587 
 Error Code: 404
 Invalid value in server response: abc
 Invalid value in server response: 
 No valid numbers found in server response.
 API_URL ERROR: Date and Time: 2025-08-05 16:18:08.468814 
 Error Code: 500
 Invalid value in server response: abc
 Invalid value in server response: 
 No valid numbers found in server response.
 API_URL ERROR: Date and Time: 2025-08-06 16:01:03.952128 
 Error Code: 503
 API_URL ERROR: Date and Time: 2025-08-06 16:01:19.644214 
 Error Code: 503
 API_URL ERROR: Date and Time: 2025-08-06 16:35:59.034705 
 Error Code: 503
 API_URL ERROR: Date and Time: 2025-08-06 16:36:16.545983 
 Error Code: 503
 API_URL ERROR: Date and Time: 2025-08-06 16:36:43.068153 
 Error Code: 503
 Date and Time: 2025-08-06 16:53:51.386964 
 No valid numbers found in server response.
 Date and Time: 2025-08-06 16:55:12.294844 
 No valid numbers found in server response.
 API_URL ERROR: Date and Time: 2025-08-06 17:05:07.356000 
 Error Code: 503
 API_URL ERROR: Date and Time: 2025-08-06 17:05:53.129657 
 Error Code: 503
 API_URL ERROR: Date and Time: 2025-08-07 13:29:17.225566 
 Error Code: 503
 API_URL ERROR: Date and Time: 2025-08-07 20:02:33.251362 
 Error Code: 503
 API_URL ERROR: Date and Time: 2025-08-07 20:03:09.232732 
 Error Code: 503